<?xml version="1.0" encoding="UTF-8" standalone="no"?><testsuite errors="0" failures="0" name="Register" skipped="0" tests="8" time="35.92" timestamp="2022-11-08 09:11:09"><testcase name="Register with null nama, email and password"/><testcase name="Register with valid nama, null email and null password"/><testcase name="Register with valid nama, valid email, and null password"/><testcase name="Register with null nama, null email, and valid password"/><testcase name="Register with null nama, valid email, and null password"/><testcase name="Register with null nama, valid email, and valid password"/><testcase name="Register with valid nama, null email, and valid password"/><testcase name="Register with valid nama, valid email, and valid password"/></testsuite>