<?xml version="1.0" encoding="UTF-8" standalone="no"?><testsuite errors="0" failures="0" name="Login" skipped="0" tests="9" time="36.89" timestamp="2022-11-08 09:10:24"><testcase name="Login with null email and password"/><testcase name="Login with valid email and password"/><testcase name="Login with invalid email and password"/><testcase name="Login with valid email and invalid password"/><testcase name="Login with invalid email and valid password"/><testcase name="Login with valid email and null password"/><testcase name="Login with null email and valid password"/><testcase name="Login with invalid email and null password"/><testcase name="Login with null email and invalid password"/></testsuite>